[2022-01-06 04:50:56,411: INFO: stage_01_get_data]: 
********************
[2022-01-06 04:50:56,411: INFO: stage_01_get_data]: >>>>> stage STAGE_NAME started <<<<<
[2022-01-06 04:50:56,413: INFO: common]: yaml file: configs/config.yaml loaded successfully
[2022-01-06 04:50:56,413: ERROR: stage_01_get_data]: 'local_data_dir'
Traceback (most recent call last):
  File "src/stage_01_get_data.py", line 40, in <module>
    get_data(config_path=parsed_args.config, params_path=parsed_args.params)
  File "src/stage_01_get_data.py", line 23, in get_data
    local_data_dir = config["local_data_dir"]
KeyError: 'local_data_dir'
[2022-01-06 04:51:25,006: INFO: stage_01_get_data]: 
********************
[2022-01-06 04:51:25,006: INFO: stage_01_get_data]: >>>>> stage STAGE_NAME started <<<<<
[2022-01-06 04:51:25,008: INFO: common]: yaml file: configs/config.yaml loaded successfully
[2022-01-06 04:51:25,008: ERROR: stage_01_get_data]: name 'local_data_dirs' is not defined
Traceback (most recent call last):
  File "src/stage_01_get_data.py", line 40, in <module>
    get_data(config_path=parsed_args.config, params_path=parsed_args.params)
  File "src/stage_01_get_data.py", line 25, in get_data
    for source_download_dir,local_data_dir in tqdm(zip(source_download_dirs,local_data_dirs),total=2,desc="list of the folders",color="red"):
NameError: name 'local_data_dirs' is not defined
[2022-01-06 04:51:52,988: INFO: stage_01_get_data]: 
********************
[2022-01-06 04:51:52,988: INFO: stage_01_get_data]: >>>>> stage STAGE_NAME started <<<<<
[2022-01-06 04:51:52,990: INFO: common]: yaml file: configs/config.yaml loaded successfully
[2022-01-06 04:51:53,001: ERROR: stage_01_get_data]: "Unknown argument(s): {'color': 'red'}"
Traceback (most recent call last):
  File "src/stage_01_get_data.py", line 40, in <module>
    get_data(config_path=parsed_args.config, params_path=parsed_args.params)
  File "src/stage_01_get_data.py", line 25, in get_data
    for source_download_dir,local_data_dir in tqdm(zip(source_download_dirs,local_data_dirs),total=2,desc="list of the folders",color="red"):
  File "C:\Users\vikram\anaconda3\envs\DVC_CNN_TF\lib\site-packages\tqdm\std.py", line 1018, in __init__
    TqdmKeyError("Unknown argument(s): " + str(kwargs)))
tqdm.std.TqdmKeyError: "Unknown argument(s): {'color': 'red'}"
[2022-01-06 05:23:03,271: INFO: stage_01_get_data]: 
********************
[2022-01-06 05:23:03,271: INFO: stage_01_get_data]: >>>>> stage STAGE_NAME started <<<<<
[2022-01-06 05:23:03,273: INFO: common]: yaml file: configs/config.yaml loaded successfully
[2022-01-06 05:23:03,284: ERROR: stage_01_get_data]: "Unknown argument(s): {'color': 'red'}"
Traceback (most recent call last):
  File "src/stage_01_get_data.py", line 40, in <module>
    get_data(config_path=parsed_args.config, params_path=parsed_args.params)
  File "src/stage_01_get_data.py", line 25, in get_data
    for source_download_dir,local_data_dir in tqdm(zip(source_download_dirs,local_data_dirs),total=2,desc="list of the folders",color="red"):
  File "C:\Users\vikram\anaconda3\envs\DVC_CNN_TF\lib\site-packages\tqdm\std.py", line 1018, in __init__
    TqdmKeyError("Unknown argument(s): " + str(kwargs)))
tqdm.std.TqdmKeyError: "Unknown argument(s): {'color': 'red'}"
[2022-01-06 05:23:54,592: INFO: stage_01_get_data]: 
********************
[2022-01-06 05:23:54,593: INFO: stage_01_get_data]: >>>>> stage STAGE_NAME started <<<<<
[2022-01-06 05:23:54,594: INFO: common]: yaml file: configs/config.yaml loaded successfully
[2022-01-06 05:23:54,607: INFO: common]: created directory at: data/cat
[2022-01-06 05:23:54,608: ERROR: stage_01_get_data]: name 'copy_files' is not defined
Traceback (most recent call last):
  File "src/stage_01_get_data.py", line 40, in <module>
    get_data(config_path=parsed_args.config, params_path=parsed_args.params)
  File "src/stage_01_get_data.py", line 27, in get_data
    copy_files(source_download_dir,local_data_dir)
NameError: name 'copy_files' is not defined
[2022-01-06 05:24:41,002: INFO: stage_01_get_data]: 
********************
[2022-01-06 05:24:41,002: INFO: stage_01_get_data]: >>>>> stage STAGE_NAME started <<<<<
[2022-01-06 05:24:41,004: INFO: common]: yaml file: configs/config.yaml loaded successfully
[2022-01-06 05:24:41,016: INFO: common]: created directory at: data/cat
[2022-01-06 05:24:41,045: ERROR: stage_01_get_data]: name 'local_data_dir' is not defined
Traceback (most recent call last):
  File "src/stage_01_get_data.py", line 40, in <module>
    get_data(config_path=parsed_args.config, params_path=parsed_args.params)
  File "src/stage_01_get_data.py", line 27, in get_data
    copy_files(source_download_dir,local_data_dir)
  File "c:\users\vikram\dvc_cnn\dvc-cnn-tf-pipeline-demo\src\utils\common.py", line 26, in copy_files
    dest = os.path.join(local_data_dir,file)
NameError: name 'local_data_dir' is not defined
[2022-01-06 05:29:38,892: INFO: stage_01_get_data]: 
********************
[2022-01-06 05:29:38,892: INFO: stage_01_get_data]: >>>>> stage STAGE_NAME started <<<<<
[2022-01-06 05:29:38,894: INFO: common]: yaml file: configs/config.yaml loaded successfully
[2022-01-06 05:29:38,906: INFO: common]: created directory at: data/cat
[2022-01-06 05:30:33,682: INFO: common]: copy of files succeded
[2022-01-06 05:30:33,685: INFO: common]: created directory at: data/dog
[2022-01-06 05:31:29,137: INFO: common]: copy of files succeded
[2022-01-06 05:31:29,140: INFO: stage_01_get_data]: >>>>> stage STAGE_NAME completed!<<<<<

[2022-01-06 05:42:42,464: INFO: stage_01_get_data]: 
********************
[2022-01-06 05:42:42,464: INFO: stage_01_get_data]: >>>>> stage STAGE_NAME started <<<<<
[2022-01-06 05:42:42,466: INFO: common]: yaml file: configs/config.yaml loaded successfully
[2022-01-06 05:42:42,478: INFO: common]: created directory at: data/cat
[2022-01-06 05:42:53,411: INFO: common]: copy of files succeded
[2022-01-06 05:42:53,414: INFO: common]: created directory at: data/dog
[2022-01-06 05:43:04,910: INFO: common]: copy of files succeded
[2022-01-06 05:43:04,912: INFO: stage_01_get_data]: >>>>> stage STAGE_NAME completed!<<<<<

[2022-01-07 03:48:23,864: INFO: stage_02_prepare_base_model]: 
********************
[2022-01-07 03:48:23,864: INFO: stage_02_prepare_base_model]: >>>>> stage 02 started <<<<<
[2022-01-07 03:48:23,866: INFO: common]: yaml file: configs/config.yaml loaded successfully
[2022-01-07 03:48:23,871: INFO: common]: yaml file: params.yaml loaded successfully
[2022-01-07 03:48:23,871: INFO: common]: created directory at: artifacts\base_model
[2022-01-07 03:48:32,069: WARNING: saving_utils]: Compiled the loaded model, but the compiled metrics have yet to be built. `model.compile_metrics` will be empty until you train or evaluate the model.
[2022-01-07 03:48:32,134: INFO: model]: VGG16 model saved at:artifacts\base_model\base_model.h5
[2022-01-07 03:48:32,150: INFO: model]: custom model is compiled and ready to be trained
[2022-01-07 03:48:32,254: INFO: stage_02_prepare_base_model]: full untrained model is saved at artifacts\base_model\updated_base_model.h5
[2022-01-07 03:48:32,255: INFO: stage_02_prepare_base_model]: >>>>> stage 02 completed!<<<<<

[2022-01-07 04:13:22,150: INFO: stage_02_prepare_base_model]: 
********************
[2022-01-07 04:13:22,150: INFO: stage_02_prepare_base_model]: >>>>> stage 02 started <<<<<
[2022-01-07 04:13:22,152: INFO: common]: yaml file: configs/config.yaml loaded successfully
[2022-01-07 04:13:22,152: INFO: common]: yaml file: params.yaml loaded successfully
[2022-01-07 04:13:22,153: INFO: common]: created directory at: artifacts\base_model
[2022-01-07 04:13:23,443: WARNING: saving_utils]: Compiled the loaded model, but the compiled metrics have yet to be built. `model.compile_metrics` will be empty until you train or evaluate the model.
[2022-01-07 04:13:23,516: INFO: model]: VGG16 model saved at:artifacts\base_model\base_model.h5
[2022-01-07 04:13:23,529: INFO: model]: custom model is compiled and ready to be trained
[2022-01-07 04:13:23,531: INFO: model]: full model summary:Model: "model"
_________________________________________________________________
Layer (type)                 Output Shape              Param #   
=================================================================
input_1 (InputLayer)         [(None, 224, 224, 3)]     0         
_________________________________________________________________
block1_conv1 (Conv2D)        (None, 224, 224, 64)      1792      
_________________________________________________________________
block1_conv2 (Conv2D)        (None, 224, 224, 64)      36928     
_________________________________________________________________
block1_pool (MaxPooling2D)   (None, 112, 112, 64)      0         
_________________________________________________________________
block2_conv1 (Conv2D)        (None, 112, 112, 128)     73856     
_________________________________________________________________
block2_conv2 (Conv2D)        (None, 112, 112, 128)     147584    
_________________________________________________________________
block2_pool (MaxPooling2D)   (None, 56, 56, 128)       0         
_________________________________________________________________
block3_conv1 (Conv2D)        (None, 56, 56, 256)       295168    
_________________________________________________________________
block3_conv2 (Conv2D)        (None, 56, 56, 256)       590080    
_________________________________________________________________
block3_conv3 (Conv2D)        (None, 56, 56, 256)       590080    
_________________________________________________________________
block3_pool (MaxPooling2D)   (None, 28, 28, 256)       0         
_________________________________________________________________
block4_conv1 (Conv2D)        (None, 28, 28, 512)       1180160   
_________________________________________________________________
block4_conv2 (Conv2D)        (None, 28, 28, 512)       2359808   
_________________________________________________________________
block4_conv3 (Conv2D)        (None, 28, 28, 512)       2359808   
_________________________________________________________________
block4_pool (MaxPooling2D)   (None, 14, 14, 512)       0         
_________________________________________________________________
block5_conv1 (Conv2D)        (None, 14, 14, 512)       2359808   
_________________________________________________________________
block5_conv2 (Conv2D)        (None, 14, 14, 512)       2359808   
_________________________________________________________________
block5_conv3 (Conv2D)        (None, 14, 14, 512)       2359808   
_________________________________________________________________
block5_pool (MaxPooling2D)   (None, 7, 7, 512)         0         
_________________________________________________________________
flatten (Flatten)            (None, 25088)             0         
_________________________________________________________________
dense (Dense)                (None, 2)                 50178     
=================================================================
Total params: 14,764,866
Trainable params: 50,178
Non-trainable params: 14,714,688
_________________________________________________________________

[2022-01-07 04:13:23,599: INFO: stage_02_prepare_base_model]: full untrained model is saved at artifacts\base_model\updated_base_model.h5
[2022-01-07 04:13:23,600: INFO: stage_02_prepare_base_model]: >>>>> stage 02 completed!<<<<<

[2022-01-07 04:23:12,354: INFO: stage_02_prepare_base_model]: 
********************
[2022-01-07 04:23:12,355: INFO: stage_02_prepare_base_model]: >>>>> stage 02 started <<<<<
[2022-01-07 04:23:12,356: INFO: common]: yaml file: configs/config.yaml loaded successfully
[2022-01-07 04:23:12,357: INFO: common]: yaml file: params.yaml loaded successfully
[2022-01-07 04:23:12,357: INFO: common]: created directory at: artifacts\base_model
[2022-01-07 04:23:13,368: INFO: model]: VGG16 base model summary:
Model: "vgg16"
_________________________________________________________________
Layer (type)                 Output Shape              Param #   
=================================================================
input_1 (InputLayer)         [(None, 224, 224, 3)]     0         
_________________________________________________________________
block1_conv1 (Conv2D)        (None, 224, 224, 64)      1792      
_________________________________________________________________
block1_conv2 (Conv2D)        (None, 224, 224, 64)      36928     
_________________________________________________________________
block1_pool (MaxPooling2D)   (None, 112, 112, 64)      0         
_________________________________________________________________
block2_conv1 (Conv2D)        (None, 112, 112, 128)     73856     
_________________________________________________________________
block2_conv2 (Conv2D)        (None, 112, 112, 128)     147584    
_________________________________________________________________
block2_pool (MaxPooling2D)   (None, 56, 56, 128)       0         
_________________________________________________________________
block3_conv1 (Conv2D)        (None, 56, 56, 256)       295168    
_________________________________________________________________
block3_conv2 (Conv2D)        (None, 56, 56, 256)       590080    
_________________________________________________________________
block3_conv3 (Conv2D)        (None, 56, 56, 256)       590080    
_________________________________________________________________
block3_pool (MaxPooling2D)   (None, 28, 28, 256)       0         
_________________________________________________________________
block4_conv1 (Conv2D)        (None, 28, 28, 512)       1180160   
_________________________________________________________________
block4_conv2 (Conv2D)        (None, 28, 28, 512)       2359808   
_________________________________________________________________
block4_conv3 (Conv2D)        (None, 28, 28, 512)       2359808   
_________________________________________________________________
block4_pool (MaxPooling2D)   (None, 14, 14, 512)       0         
_________________________________________________________________
block5_conv1 (Conv2D)        (None, 14, 14, 512)       2359808   
_________________________________________________________________
block5_conv2 (Conv2D)        (None, 14, 14, 512)       2359808   
_________________________________________________________________
block5_conv3 (Conv2D)        (None, 14, 14, 512)       2359808   
_________________________________________________________________
block5_pool (MaxPooling2D)   (None, 7, 7, 512)         0         
=================================================================
Total params: 14,714,688
Trainable params: 14,714,688
Non-trainable params: 0
_________________________________________________________________

[2022-01-07 04:23:13,368: WARNING: saving_utils]: Compiled the loaded model, but the compiled metrics have yet to be built. `model.compile_metrics` will be empty until you train or evaluate the model.
[2022-01-07 04:23:13,439: INFO: model]: VGG16 model saved at:artifacts\base_model\base_model.h5
[2022-01-07 04:23:13,452: INFO: model]: custom model is compiled and ready to be trained
[2022-01-07 04:23:13,453: INFO: model]: full model summary:Model: "model"
_________________________________________________________________
Layer (type)                 Output Shape              Param #   
=================================================================
input_1 (InputLayer)         [(None, 224, 224, 3)]     0         
_________________________________________________________________
block1_conv1 (Conv2D)        (None, 224, 224, 64)      1792      
_________________________________________________________________
block1_conv2 (Conv2D)        (None, 224, 224, 64)      36928     
_________________________________________________________________
block1_pool (MaxPooling2D)   (None, 112, 112, 64)      0         
_________________________________________________________________
block2_conv1 (Conv2D)        (None, 112, 112, 128)     73856     
_________________________________________________________________
block2_conv2 (Conv2D)        (None, 112, 112, 128)     147584    
_________________________________________________________________
block2_pool (MaxPooling2D)   (None, 56, 56, 128)       0         
_________________________________________________________________
block3_conv1 (Conv2D)        (None, 56, 56, 256)       295168    
_________________________________________________________________
block3_conv2 (Conv2D)        (None, 56, 56, 256)       590080    
_________________________________________________________________
block3_conv3 (Conv2D)        (None, 56, 56, 256)       590080    
_________________________________________________________________
block3_pool (MaxPooling2D)   (None, 28, 28, 256)       0         
_________________________________________________________________
block4_conv1 (Conv2D)        (None, 28, 28, 512)       1180160   
_________________________________________________________________
block4_conv2 (Conv2D)        (None, 28, 28, 512)       2359808   
_________________________________________________________________
block4_conv3 (Conv2D)        (None, 28, 28, 512)       2359808   
_________________________________________________________________
block4_pool (MaxPooling2D)   (None, 14, 14, 512)       0         
_________________________________________________________________
block5_conv1 (Conv2D)        (None, 14, 14, 512)       2359808   
_________________________________________________________________
block5_conv2 (Conv2D)        (None, 14, 14, 512)       2359808   
_________________________________________________________________
block5_conv3 (Conv2D)        (None, 14, 14, 512)       2359808   
_________________________________________________________________
block5_pool (MaxPooling2D)   (None, 7, 7, 512)         0         
_________________________________________________________________
flatten (Flatten)            (None, 25088)             0         
_________________________________________________________________
dense (Dense)                (None, 2)                 50178     
=================================================================
Total params: 14,764,866
Trainable params: 50,178
Non-trainable params: 14,714,688
_________________________________________________________________

[2022-01-07 04:23:13,518: INFO: stage_02_prepare_base_model]: full untrained model is saved at artifacts\base_model\updated_base_model.h5
[2022-01-07 04:23:13,519: INFO: stage_02_prepare_base_model]: >>>>> stage 02 completed!<<<<<

[2022-01-07 05:42:18,879: INFO: stage_01_get_data]: 
********************
[2022-01-07 05:42:18,879: INFO: stage_01_get_data]: >>>>> stage 01 started <<<<<
[2022-01-07 05:42:18,881: INFO: common]: yaml file: configs/config.yaml loaded successfully
[2022-01-07 05:42:18,893: INFO: common]: created directory at: data/cat
[2022-01-07 05:42:42,892: INFO: common]: copy of files succeded
[2022-01-07 05:42:42,894: INFO: common]: created directory at: data/dog
[2022-01-07 05:43:10,044: INFO: common]: copy of files succeded
[2022-01-07 05:43:10,046: INFO: stage_01_get_data]: >>>>> stage 01 completed!<<<<<

[2022-01-07 05:49:19,722: INFO: stage_02_prepare_base_model]: 
********************
[2022-01-07 05:49:19,723: INFO: stage_02_prepare_base_model]: >>>>> stage 02 started <<<<<
[2022-01-07 05:49:19,724: INFO: common]: yaml file: configs/config.yaml loaded successfully
[2022-01-07 05:49:19,725: INFO: common]: yaml file: params.yaml loaded successfully
[2022-01-07 05:49:19,725: INFO: common]: created directory at: artifacts\base_model
[2022-01-07 05:49:21,037: INFO: model]: VGG16 base model summary:
Model: "vgg16"
_________________________________________________________________
Layer (type)                 Output Shape              Param #   
=================================================================
input_1 (InputLayer)         [(None, 224, 224, 3)]     0         
_________________________________________________________________
block1_conv1 (Conv2D)        (None, 224, 224, 64)      1792      
_________________________________________________________________
block1_conv2 (Conv2D)        (None, 224, 224, 64)      36928     
_________________________________________________________________
block1_pool (MaxPooling2D)   (None, 112, 112, 64)      0         
_________________________________________________________________
block2_conv1 (Conv2D)        (None, 112, 112, 128)     73856     
_________________________________________________________________
block2_conv2 (Conv2D)        (None, 112, 112, 128)     147584    
_________________________________________________________________
block2_pool (MaxPooling2D)   (None, 56, 56, 128)       0         
_________________________________________________________________
block3_conv1 (Conv2D)        (None, 56, 56, 256)       295168    
_________________________________________________________________
block3_conv2 (Conv2D)        (None, 56, 56, 256)       590080    
_________________________________________________________________
block3_conv3 (Conv2D)        (None, 56, 56, 256)       590080    
_________________________________________________________________
block3_pool (MaxPooling2D)   (None, 28, 28, 256)       0         
_________________________________________________________________
block4_conv1 (Conv2D)        (None, 28, 28, 512)       1180160   
_________________________________________________________________
block4_conv2 (Conv2D)        (None, 28, 28, 512)       2359808   
_________________________________________________________________
block4_conv3 (Conv2D)        (None, 28, 28, 512)       2359808   
_________________________________________________________________
block4_pool (MaxPooling2D)   (None, 14, 14, 512)       0         
_________________________________________________________________
block5_conv1 (Conv2D)        (None, 14, 14, 512)       2359808   
_________________________________________________________________
block5_conv2 (Conv2D)        (None, 14, 14, 512)       2359808   
_________________________________________________________________
block5_conv3 (Conv2D)        (None, 14, 14, 512)       2359808   
_________________________________________________________________
block5_pool (MaxPooling2D)   (None, 7, 7, 512)         0         
=================================================================
Total params: 14,714,688
Trainable params: 14,714,688
Non-trainable params: 0
_________________________________________________________________

[2022-01-07 05:49:21,037: WARNING: saving_utils]: Compiled the loaded model, but the compiled metrics have yet to be built. `model.compile_metrics` will be empty until you train or evaluate the model.
[2022-01-07 05:49:21,096: INFO: model]: VGG16 model saved at:artifacts\base_model\base_model.h5
[2022-01-07 05:49:21,109: INFO: model]: custom model is compiled and ready to be trained
[2022-01-07 05:49:21,111: INFO: model]: full model summary:Model: "model"
_________________________________________________________________
Layer (type)                 Output Shape              Param #   
=================================================================
input_1 (InputLayer)         [(None, 224, 224, 3)]     0         
_________________________________________________________________
block1_conv1 (Conv2D)        (None, 224, 224, 64)      1792      
_________________________________________________________________
block1_conv2 (Conv2D)        (None, 224, 224, 64)      36928     
_________________________________________________________________
block1_pool (MaxPooling2D)   (None, 112, 112, 64)      0         
_________________________________________________________________
block2_conv1 (Conv2D)        (None, 112, 112, 128)     73856     
_________________________________________________________________
block2_conv2 (Conv2D)        (None, 112, 112, 128)     147584    
_________________________________________________________________
block2_pool (MaxPooling2D)   (None, 56, 56, 128)       0         
_________________________________________________________________
block3_conv1 (Conv2D)        (None, 56, 56, 256)       295168    
_________________________________________________________________
block3_conv2 (Conv2D)        (None, 56, 56, 256)       590080    
_________________________________________________________________
block3_conv3 (Conv2D)        (None, 56, 56, 256)       590080    
_________________________________________________________________
block3_pool (MaxPooling2D)   (None, 28, 28, 256)       0         
_________________________________________________________________
block4_conv1 (Conv2D)        (None, 28, 28, 512)       1180160   
_________________________________________________________________
block4_conv2 (Conv2D)        (None, 28, 28, 512)       2359808   
_________________________________________________________________
block4_conv3 (Conv2D)        (None, 28, 28, 512)       2359808   
_________________________________________________________________
block4_pool (MaxPooling2D)   (None, 14, 14, 512)       0         
_________________________________________________________________
block5_conv1 (Conv2D)        (None, 14, 14, 512)       2359808   
_________________________________________________________________
block5_conv2 (Conv2D)        (None, 14, 14, 512)       2359808   
_________________________________________________________________
block5_conv3 (Conv2D)        (None, 14, 14, 512)       2359808   
_________________________________________________________________
block5_pool (MaxPooling2D)   (None, 7, 7, 512)         0         
_________________________________________________________________
flatten (Flatten)            (None, 25088)             0         
_________________________________________________________________
dense (Dense)                (None, 2)                 50178     
=================================================================
Total params: 14,764,866
Trainable params: 50,178
Non-trainable params: 14,714,688
_________________________________________________________________

[2022-01-07 05:49:21,164: INFO: stage_02_prepare_base_model]: full untrained model is saved at artifacts\base_model\updated_base_model.h5
[2022-01-07 05:49:21,165: INFO: stage_02_prepare_base_model]: >>>>> stage 02 completed!<<<<<

